<?xml version="1.0" encoding="UTF-8"?>
<coverage generated="1644269271615" clover="3.2.0">
  <project timestamp="1644269271615" name="All files">
    <metrics statements="12" coveredstatements="12" conditionals="0" coveredconditionals="0" methods="5" coveredmethods="3" elements="17" coveredelements="15" complexity="0" loc="12" ncloc="12" packages="1" files="2" classes="2"/>
    <file name="fortune.js" path="D:\My projects\Node and Jquery\firstExpressProject\lib\fortune.js">
      <metrics statements="4" coveredstatements="4" conditionals="0" coveredconditionals="0" methods="1" coveredmethods="1"/>
      <line num="1" count="1" type="stmt"/>
      <line num="9" count="1" type="stmt"/>
      <line num="10" count="1" type="stmt"/>
      <line num="11" count="1" type="stmt"/>
    </file>
    <file name="handlers.js" path="D:\My projects\Node and Jquery\firstExpressProject\lib\handlers.js">
      <metrics statements="8" coveredstatements="8" conditionals="0" coveredconditionals="0" methods="4" coveredmethods="2"/>
      <line num="1" count="1" type="stmt"/>
      <line num="2" count="1" type="stmt"/>
      <line num="4" count="1" type="stmt"/>
      <line num="5" count="1" type="stmt"/>
      <line num="8" count="1" type="stmt"/>
      <line num="9" count="1" type="stmt"/>
      <line num="12" count="1" type="stmt"/>
      <line num="14" count="1" type="stmt"/>
    </file>
  </project>
</coverage>
